<?xml version="1.0" encoding="UTF-8"?>
<!-- Generated by org.testng.reporters.JUnitXMLReporter -->
<testsuite hostname="LAPTOP-M4N4JHAP" ignored="0" name="Default test" tests="15" failures="1" timestamp="2021-03-15T10:05:24 GMT" time="85.831" errors="0">
  <testcase name="clear" time="5.148" classname="Acacemy.VerifyingElementsareClickable"/>
  <testcase name="divide" time="5.144" classname="Acacemy.VerifyingElementsareClickable"/>
  <testcase name="minus" time="5.135" classname="Acacemy.VerifyingElementsareClickable"/>
  <testcase name="multiply" time="5.131" classname="Acacemy.VerifyingElementsareClickable"/>
  <testcase name="number0" time="5.185" classname="Acacemy.VerifyingElementsareClickable"/>
  <testcase name="number1" time="5.126" classname="Acacemy.VerifyingElementsareClickable"/>
  <testcase name="number2" time="5.184" classname="Acacemy.VerifyingElementsareClickable"/>
  <testcase name="number3" time="5.124" classname="Acacemy.VerifyingElementsareClickable"/>
  <testcase name="number4" time="5.165" classname="Acacemy.VerifyingElementsareClickable"/>
  <testcase name="number5" time="5.389" classname="Acacemy.VerifyingElementsareClickable"/>
  <testcase name="number6" time="5.249" classname="Acacemy.VerifyingElementsareClickable">
    <failure type="java.lang.AssertionError" message="PASSED expected [6] but found [66]">
      <![CDATA[java.lang.AssertionError: PASSED expected [6] but found [66]
at org.testng.Assert.fail(Assert.java:99)
at org.testng.Assert.failNotEquals(Assert.java:1037)
at org.testng.Assert.assertEqualsImpl(Assert.java:140)
at org.testng.Assert.assertEquals(Assert.java:122)
at org.testng.Assert.assertEquals(Assert.java:629)
at Acacemy.VerifyingElementsareClickable.number6(VerifyingElementsareClickable.java:119)
at sun.reflect.NativeMethodAccessorImpl.invoke0(Native Method)
at sun.reflect.NativeMethodAccessorImpl.invoke(NativeMethodAccessorImpl.java:62)
at sun.reflect.DelegatingMethodAccessorImpl.invoke(DelegatingMethodAccessorImpl.java:43)
at java.lang.reflect.Method.invoke(Method.java:498)
at org.testng.internal.MethodInvocationHelper.invokeMethod(MethodInvocationHelper.java:132)
at org.testng.internal.TestInvoker.invokeMethod(TestInvoker.java:599)
at org.testng.internal.TestInvoker.invokeTestMethod(TestInvoker.java:174)
at org.testng.internal.MethodRunner.runInSequence(MethodRunner.java:46)
at org.testng.internal.TestInvoker$MethodInvocationAgent.invoke(TestInvoker.java:822)
at org.testng.internal.TestInvoker.invokeTestMethods(TestInvoker.java:147)
at org.testng.internal.TestMethodWorker.invokeTestMethods(TestMethodWorker.java:146)
at org.testng.internal.TestMethodWorker.run(TestMethodWorker.java:128)
at java.util.ArrayList.forEach(ArrayList.java:1257)
at org.testng.TestRunner.privateRun(TestRunner.java:764)
at org.testng.TestRunner.run(TestRunner.java:585)
at org.testng.SuiteRunner.runTest(SuiteRunner.java:384)
at org.testng.SuiteRunner.runSequentially(SuiteRunner.java:378)
at org.testng.SuiteRunner.privateRun(SuiteRunner.java:337)
at org.testng.SuiteRunner.run(SuiteRunner.java:286)
at org.testng.SuiteRunnerWorker.runSuite(SuiteRunnerWorker.java:53)
at org.testng.SuiteRunnerWorker.run(SuiteRunnerWorker.java:96)
at org.testng.TestNG.runSuitesSequentially(TestNG.java:1218)
at org.testng.TestNG.runSuitesLocally(TestNG.java:1140)
at org.testng.TestNG.runSuites(TestNG.java:1069)
at org.testng.TestNG.run(TestNG.java:1037)
at org.testng.remote.AbstractRemoteTestNG.run(AbstractRemoteTestNG.java:115)
at org.testng.remote.RemoteTestNG.initAndRun(RemoteTestNG.java:251)
at org.testng.remote.RemoteTestNG.main(RemoteTestNG.java:77)
]]>
    </failure>
  </testcase> <!-- number6 -->
  <testcase name="number7" time="5.158" classname="Acacemy.VerifyingElementsareClickable"/>
  <testcase name="number8" time="5.136" classname="Acacemy.VerifyingElementsareClickable"/>
  <testcase name="number9" time="5.188" classname="Acacemy.VerifyingElementsareClickable"/>
  <testcase name="plus" time="5.122" classname="Acacemy.VerifyingElementsareClickable"/>
</testsuite> <!-- Default test -->
