<?xml version="1.0" encoding="UTF-8"?>
<!-- Generated by org.testng.reporters.JUnitXMLReporter -->
<testsuite hostname="LAPTOP-M4N4JHAP" ignored="0" name="Division" tests="7" failures="4" timestamp="2021-03-15T10:01:10 GMT" time="51.454" errors="0">
  <testcase name="DivideAscendRangeAndDescendRange" time="7.174" classname="Acacemy.DivisionTests">
    <failure type="java.lang.AssertionError" message="expected [0.1818382677861246] but found [1.8021063486049345]">
      <![CDATA[java.lang.AssertionError: expected [0.1818382677861246] but found [1.8021063486049345]
at Acacemy.DivisionTests.DivideAscendRangeAndDescendRange(DivisionTests.java:29)
at java.util.ArrayList.forEach(ArrayList.java:1257)
at java.util.concurrent.FutureTask.run(FutureTask.java:266)
at java.util.concurrent.ThreadPoolExecutor.runWorker(ThreadPoolExecutor.java:1149)
at java.util.concurrent.ThreadPoolExecutor$Worker.run(ThreadPoolExecutor.java:624)
at java.lang.Thread.run(Thread.java:748)
... Removed 24 stack frames]]>
    </failure>
  </testcase> <!-- DivideAscendRangeAndDescendRange -->
  <testcase name="DivideDecimalTwoPointTwoMinusOne" time="6.169" classname="Acacemy.DivisionTests">
    <failure type="java.lang.AssertionError" message="expected [0.45] but found [4.4450000001]">
      <![CDATA[java.lang.AssertionError: expected [0.45] but found [4.4450000001]
at Acacemy.DivisionTests.DivideDecimalTwoPointTwoMinusOne(DivisionTests.java:76)
at java.util.ArrayList.forEach(ArrayList.java:1257)
at java.util.concurrent.FutureTask.run(FutureTask.java:266)
at java.util.concurrent.ThreadPoolExecutor.runWorker(ThreadPoolExecutor.java:1149)
at java.util.concurrent.ThreadPoolExecutor$Worker.run(ThreadPoolExecutor.java:624)
at java.lang.Thread.run(Thread.java:748)
... Removed 24 stack frames]]>
    </failure>
  </testcase> <!-- DivideDecimalTwoPointTwoMinusOne -->
  <testcase name="DivideMorethanTwoNumbers" time="5.681" classname="Acacemy.DivisionTests"/>
  <testcase name="DivideNegativeandPostiveNumbers" time="5.367" classname="Acacemy.DivisionTests">
    <failure type="java.lang.AssertionError" message="expected [-1.4] but found [0.7000000001]">
      <![CDATA[java.lang.AssertionError: expected [-1.4] but found [0.7000000001]
at Acacemy.DivisionTests.DivideNegativeandPostiveNumbers(DivisionTests.java:70)
at java.util.ArrayList.forEach(ArrayList.java:1257)
at java.util.concurrent.FutureTask.run(FutureTask.java:266)
at java.util.concurrent.ThreadPoolExecutor.runWorker(ThreadPoolExecutor.java:1149)
at java.util.concurrent.ThreadPoolExecutor$Worker.run(ThreadPoolExecutor.java:624)
at java.lang.Thread.run(Thread.java:748)
... Removed 24 stack frames]]>
    </failure>
  </testcase> <!-- DivideNegativeandPostiveNumbers -->
  <testcase name="DivideOneAndZero" time="5.264" classname="Acacemy.DivisionTests"/>
  <testcase name="DivideZeroAndOne" time="5.364" classname="Acacemy.DivisionTests">
    <failure type="java.lang.AssertionError" message="expected [0] but found [1.0E-10]">
      <![CDATA[java.lang.AssertionError: expected [0] but found [1.0E-10]
at Acacemy.DivisionTests.DivideZeroAndOne(DivisionTests.java:54)
at java.util.ArrayList.forEach(ArrayList.java:1257)
at java.util.concurrent.FutureTask.run(FutureTask.java:266)
at java.util.concurrent.ThreadPoolExecutor.runWorker(ThreadPoolExecutor.java:1149)
at java.util.concurrent.ThreadPoolExecutor$Worker.run(ThreadPoolExecutor.java:624)
at java.lang.Thread.run(Thread.java:748)
... Removed 24 stack frames]]>
    </failure>
  </testcase> <!-- DivideZeroAndOne -->
  <testcase name="DivideZeroAndZero" time="5.216" classname="Acacemy.DivisionTests"/>
</testsuite> <!-- Division -->
