<?xml version="1.0" encoding="UTF-8"?>
<!-- Generated by org.testng.reporters.JUnitXMLReporter -->
<testsuite hostname="LAPTOP-M4N4JHAP" ignored="0" name="Verifying Elements" tests="15" failures="1" timestamp="2021-03-15T10:01:50 GMT" time="90.895" errors="0">
  <testcase name="clear" time="5.156" classname="Acacemy.VerifyingElementsareClickable"/>
  <testcase name="divide" time="5.333" classname="Acacemy.VerifyingElementsareClickable"/>
  <testcase name="minus" time="5.159" classname="Acacemy.VerifyingElementsareClickable"/>
  <testcase name="multiply" time="5.246" classname="Acacemy.VerifyingElementsareClickable"/>
  <testcase name="number0" time="5.317" classname="Acacemy.VerifyingElementsareClickable"/>
  <testcase name="number1" time="5.172" classname="Acacemy.VerifyingElementsareClickable"/>
  <testcase name="number2" time="5.223" classname="Acacemy.VerifyingElementsareClickable"/>
  <testcase name="number3" time="5.262" classname="Acacemy.VerifyingElementsareClickable"/>
  <testcase name="number4" time="5.255" classname="Acacemy.VerifyingElementsareClickable"/>
  <testcase name="number5" time="5.276" classname="Acacemy.VerifyingElementsareClickable"/>
  <testcase name="number6" time="5.193" classname="Acacemy.VerifyingElementsareClickable"/>
  <testcase name="number7" time="5.204" classname="Acacemy.VerifyingElementsareClickable"/>
  <testcase name="number8" time="5.143" classname="Acacemy.VerifyingElementsareClickable"/>
  <testcase name="number9" time="5.211" classname="Acacemy.VerifyingElementsareClickable">
    <failure type="java.lang.AssertionError" message="PASSED expected [9] but found [99]">
      <![CDATA[java.lang.AssertionError: PASSED expected [9] but found [99]
at Acacemy.VerifyingElementsareClickable.number9(VerifyingElementsareClickable.java:161)
at java.util.ArrayList.forEach(ArrayList.java:1257)
at java.util.concurrent.FutureTask.run(FutureTask.java:266)
at java.util.concurrent.ThreadPoolExecutor.runWorker(ThreadPoolExecutor.java:1149)
at java.util.concurrent.ThreadPoolExecutor$Worker.run(ThreadPoolExecutor.java:624)
at java.lang.Thread.run(Thread.java:748)
... Removed 23 stack frames]]>
    </failure>
  </testcase> <!-- number9 -->
  <testcase name="plus" time="5.105" classname="Acacemy.VerifyingElementsareClickable"/>
</testsuite> <!-- Verifying Elements -->
