<!DOCTYPE html PUBLIC "-//W3C//DTD XHTML 1.1//EN" "https://www.w3.org/TR/xhtml11/DTD/xhtml11.dtd">
<html xmlns="https://www.w3.org/1999/xhtml">
<head>
<meta http-equiv="content-type" content="text/html; charset=UTF-8"/>
<title>TestNG Report</title>
<style type="text/css">table {margin-bottom:10px;border-collapse:collapse;empty-cells:show}th,td {border:1px solid #009;padding:.25em .5em}th {vertical-align:bottom}td {vertical-align:top}table a {font-weight:bold}.stripe td {background-color: #E6EBF9}.num {text-align:right}.passedodd td {background-color: #3F3}.passedeven td {background-color: #0A0}.skippedodd td {background-color: #DDD}.skippedeven td {background-color: #CCC}.failedodd td,.attn {background-color: #F33}.failedeven td,.stripe .attn {background-color: #D00}.stacktrace {white-space:pre;font-family:monospace}.totop {font-size:85%;text-align:center;border-bottom:2px solid #000}.invisible {display:none}</style>
</head>
<body>
<table>
<tr><th>Test</th><th># Passed</th><th># Skipped</th><th># Retried</th><th># Failed</th><th>Time (ms)</th><th>Included Groups</th><th>Excluded Groups</th></tr>
<tr><th colspan="8">Suite</th></tr>
<tr><td><a href="#t0">Division</a></td><td class="num">3</td><td class="num">0</td><td class="num">0</td><td class="num attn">4</td><td class="num">48,655</td><td></td><td></td></tr>
<tr class="stripe"><td><a href="#t1">Subtraction</a></td><td class="num">0</td><td class="num">0</td><td class="num">0</td><td class="num attn">7</td><td class="num">49,648</td><td></td><td></td></tr>
<tr><td><a href="#t2">Multiplication</a></td><td class="num">0</td><td class="num">0</td><td class="num">0</td><td class="num attn">9</td><td class="num">61,705</td><td></td><td></td></tr>
<tr class="stripe"><td><a href="#t3">Addition</a></td><td class="num">0</td><td class="num">0</td><td class="num">0</td><td class="num attn">10</td><td class="num">66,807</td><td></td><td></td></tr>
<tr><td><a href="#t4">Verifying Elements</a></td><td class="num">14</td><td class="num">0</td><td class="num">0</td><td class="num attn">1</td><td class="num">80,910</td><td></td><td></td></tr>
<tr><th>Total</th><th class="num">17</th><th class="num">0</th><th class="num">0</th><th class="num attn">31</th><th class="num">307,725</th><th colspan="2"></th></tr>
</table>
<table id='summary'><thead><tr><th>Class</th><th>Method</th><th>Start</th><th>Time (ms)</th></tr></thead><tbody><tr><th colspan="4">Suite</th></tr></tbody><tbody id="t0"><tr><th colspan="4">Division &#8212; failed</th></tr><tr class="failedeven"><td rowspan="4">Acacemy.DivisionTests</td><td><a href="#m0">DivideAscendRangeAndDescendRange</a></td><td rowspan="1">1615737074344</td><td rowspan="1">7447</td></tr><tr class="failedeven"><td><a href="#m1">DivideDecimalTwoPointTwoMinusOne</a></td><td rowspan="1">1615737082284</td><td rowspan="1">5611</td></tr><tr class="failedeven"><td><a href="#m2">DivideNegativeandPostiveNumbers</a></td><td rowspan="1">1615737093825</td><td rowspan="1">5359</td></tr><tr class="failedeven"><td><a href="#m3">DivideZeroAndOne</a></td><td rowspan="1">1615737104706</td><td rowspan="1">5241</td></tr><tr><th colspan="4">Division &#8212; passed</th></tr><tr class="passedeven"><td rowspan="3">Acacemy.DivisionTests</td><td><a href="#m4">DivideMorethanTwoNumbers</a></td><td rowspan="1">1615737088209</td><td rowspan="1">5612</td></tr><tr class="passedeven"><td><a href="#m5">DivideOneAndZero</a></td><td rowspan="1">1615737099524</td><td rowspan="1">5181</td></tr><tr class="passedeven"><td><a href="#m6">DivideZeroAndZero</a></td><td rowspan="1">1615737110285</td><td rowspan="1">5227</td></tr></tbody>
<tbody id="t1"><tr><th colspan="4">Subtraction &#8212; failed</th></tr><tr class="failedeven"><td rowspan="7">Acacemy.SubtractionTest</td><td><a href="#m7">SubtractAscendRangeAndDescendRange</a></td><td rowspan="1">1615737074504</td><td rowspan="1">7307</td></tr><tr class="failedeven"><td><a href="#m8">SubtractBracketsFiveAndTwo</a></td><td rowspan="1">1615737082289</td><td rowspan="1">5679</td></tr><tr class="failedeven"><td><a href="#m9">SubtractDecimalTwoPointTwoMinusOne</a></td><td rowspan="1">1615737088281</td><td rowspan="1">5521</td></tr><tr class="failedeven"><td><a href="#m10">SubtractMorethanTwoNumbers</a></td><td rowspan="1">1615737094138</td><td rowspan="1">5347</td></tr><tr class="failedeven"><td><a href="#m11">SubtractOneAndZero</a></td><td rowspan="1">1615737099805</td><td rowspan="1">5223</td></tr><tr class="failedeven"><td><a href="#m12">SubtractZeroAndOne</a></td><td rowspan="1">1615737105328</td><td rowspan="1">5224</td></tr><tr class="failedeven"><td><a href="#m13">SubtractZeroAndZero</a></td><td rowspan="1">1615737110882</td><td rowspan="1">5256</td></tr></tbody>
<tbody id="t2"><tr><th colspan="4">Multiplication &#8212; failed</th></tr><tr class="failedeven"><td rowspan="9">Acacemy.multiplicationTests</td><td><a href="#m14">MultiplyAscendRangeAndDescendRange</a></td><td rowspan="1">1615737074586</td><td rowspan="1">7088</td></tr><tr class="failedeven"><td><a href="#m15">MultiplyDecimalTwoPointTwoMinusOne</a></td><td rowspan="1">1615737082044</td><td rowspan="1">5807</td></tr><tr class="failedeven"><td><a href="#m16">MultiplyMorethanTwoBigNumbers</a></td><td rowspan="1">1615737088191</td><td rowspan="1">5964</td></tr><tr class="failedeven"><td><a href="#m17">MultiplyMorethanTwoNumbers</a></td><td rowspan="1">1615737094472</td><td rowspan="1">5338</td></tr><tr class="failedeven"><td><a href="#m18">MultiplyNegativeandPostiveNumbers</a></td><td rowspan="1">1615737100122</td><td rowspan="1">5329</td></tr><tr class="failedeven"><td><a href="#m19">MultiplyOneAndZero</a></td><td rowspan="1">1615737105753</td><td rowspan="1">5213</td></tr><tr class="failedeven"><td><a href="#m20">MultiplyZeroAndOne</a></td><td rowspan="1">1615737111378</td><td rowspan="1">5337</td></tr><tr class="failedeven"><td><a href="#m21">MultiplyZeroAndZero</a></td><td rowspan="1">1615737117134</td><td rowspan="1">5238</td></tr><tr class="failedeven"><td><a href="#m22">MultiplytwoNumbersBig</a></td><td rowspan="1">1615737122687</td><td rowspan="1">5655</td></tr></tbody>
<tbody id="t3"><tr><th colspan="4">Addition &#8212; failed</th></tr><tr class="failedeven"><td rowspan="10">Acacemy.additionTest</td><td><a href="#m23">AddAscendRangeAndDescendRange</a></td><td rowspan="1">1615737074640</td><td rowspan="1">6960</td></tr><tr class="failedeven"><td><a href="#m24">AddBigNumberandOne</a></td><td rowspan="1">1615737082009</td><td rowspan="1">5096</td></tr><tr class="failedeven"><td><a href="#m25">AddDecimalNumbers</a></td><td rowspan="1">1615737087407</td><td rowspan="1">5499</td></tr><tr class="failedeven"><td><a href="#m26">AddMorethanTwoNumbers</a></td><td rowspan="1">1615737093241</td><td rowspan="1">5371</td></tr><tr class="failedeven"><td><a href="#m27">AddNegativeandPositiveNumbers</a></td><td rowspan="1">1615737098935</td><td rowspan="1">5258</td></tr><tr class="failedeven"><td><a href="#m28">AddNmmbersgivesSevenDigitResult</a></td><td rowspan="1">1615737104482</td><td rowspan="1">5733</td></tr><tr class="failedeven"><td><a href="#m29">AddTwoBigNumbers</a></td><td rowspan="1">1615737110534</td><td rowspan="1">6209</td></tr><tr class="failedeven"><td><a href="#m30">AddTwoSingleDigits</a></td><td rowspan="1">1615737117146</td><td rowspan="1">5247</td></tr><tr class="failedeven"><td><a href="#m31">AddZeroAndOne</a></td><td rowspan="1">1615737122695</td><td rowspan="1">5202</td></tr><tr class="failedeven"><td><a href="#m32">AddZeroAndZero</a></td><td rowspan="1">1615737128226</td><td rowspan="1">5177</td></tr></tbody>
<tbody id="t4"><tr><th colspan="4">Verifying Elements &#8212; failed</th></tr><tr class="failedeven"><td rowspan="1">Acacemy.VerifyingElementsareClickable</td><td><a href="#m33">number7</a></td><td rowspan="1">1615737126832</td><td rowspan="1">5170</td></tr><tr><th colspan="4">Verifying Elements &#8212; passed</th></tr><tr class="passedeven"><td rowspan="14">Acacemy.VerifyingElementsareClickable</td><td><a href="#m34">clear</a></td><td rowspan="1">1615737074993</td><td rowspan="1">171</td></tr><tr class="passedeven"><td><a href="#m35">divide</a></td><td rowspan="1">1615737075175</td><td rowspan="1">5289</td></tr><tr class="passedeven"><td><a href="#m36">minus</a></td><td rowspan="1">1615737080465</td><td rowspan="1">5149</td></tr><tr class="passedeven"><td><a href="#m37">multiply</a></td><td rowspan="1">1615737085615</td><td rowspan="1">5138</td></tr><tr class="passedeven"><td><a href="#m38">number0</a></td><td rowspan="1">1615737090755</td><td rowspan="1">5138</td></tr><tr class="passedeven"><td><a href="#m39">number1</a></td><td rowspan="1">1615737095894</td><td rowspan="1">5135</td></tr><tr class="passedeven"><td><a href="#m40">number2</a></td><td rowspan="1">1615737101030</td><td rowspan="1">5134</td></tr><tr class="passedeven"><td><a href="#m41">number3</a></td><td rowspan="1">1615737106167</td><td rowspan="1">5168</td></tr><tr class="passedeven"><td><a href="#m42">number4</a></td><td rowspan="1">1615737111336</td><td rowspan="1">5185</td></tr><tr class="passedeven"><td><a href="#m43">number5</a></td><td rowspan="1">1615737116523</td><td rowspan="1">5188</td></tr><tr class="passedeven"><td><a href="#m44">number6</a></td><td rowspan="1">1615737121712</td><td rowspan="1">5118</td></tr><tr class="passedeven"><td><a href="#m45">number8</a></td><td rowspan="1">1615737132345</td><td rowspan="1">5139</td></tr><tr class="passedeven"><td><a href="#m46">number9</a></td><td rowspan="1">1615737137486</td><td rowspan="1">5138</td></tr><tr class="passedeven"><td><a href="#m47">plus</a></td><td rowspan="1">1615737142625</td><td rowspan="1">5212</td></tr></tbody>
</table>
<h2>Division</h2><h3 id="m0">Acacemy.DivisionTests#DivideAscendRangeAndDescendRange</h3><table class="result"><tr><th>Exception</th></tr><tr><td><div class="stacktrace">java.lang.AssertionError: expected [0.1818382677861246] but found [0.01848358272588151]
	at Acacemy.DivisionTests.DivideAscendRangeAndDescendRange(DivisionTests.java:29)
	at java.util.ArrayList.forEach(ArrayList.java:1257)
	at java.util.concurrent.FutureTask.run(FutureTask.java:266)
	at java.util.concurrent.ThreadPoolExecutor.runWorker(ThreadPoolExecutor.java:1149)
	at java.util.concurrent.ThreadPoolExecutor$Worker.run(ThreadPoolExecutor.java:624)
	at java.lang.Thread.run(Thread.java:748)
... Removed 24 stack frames</div></td></tr></table><p class="totop"><a href="#summary">back to summary</a></p>
<h3 id="m1">Acacemy.DivisionTests#DivideDecimalTwoPointTwoMinusOne</h3><table class="result"><tr><th>Exception</th></tr><tr><td><div class="stacktrace">java.lang.AssertionError: expected [0.45] but found [0.4500000001]
	at Acacemy.DivisionTests.DivideDecimalTwoPointTwoMinusOne(DivisionTests.java:76)
	at java.util.ArrayList.forEach(ArrayList.java:1257)
	at java.util.concurrent.FutureTask.run(FutureTask.java:266)
	at java.util.concurrent.ThreadPoolExecutor.runWorker(ThreadPoolExecutor.java:1149)
	at java.util.concurrent.ThreadPoolExecutor$Worker.run(ThreadPoolExecutor.java:624)
	at java.lang.Thread.run(Thread.java:748)
... Removed 24 stack frames</div></td></tr></table><p class="totop"><a href="#summary">back to summary</a></p>
<h3 id="m2">Acacemy.DivisionTests#DivideNegativeandPostiveNumbers</h3><table class="result"><tr><th>Exception</th></tr><tr><td><div class="stacktrace">java.lang.AssertionError: expected [-1.4] but found [1.4000000001]
	at Acacemy.DivisionTests.DivideNegativeandPostiveNumbers(DivisionTests.java:70)
	at java.util.ArrayList.forEach(ArrayList.java:1257)
	at java.util.concurrent.FutureTask.run(FutureTask.java:266)
	at java.util.concurrent.ThreadPoolExecutor.runWorker(ThreadPoolExecutor.java:1149)
	at java.util.concurrent.ThreadPoolExecutor$Worker.run(ThreadPoolExecutor.java:624)
	at java.lang.Thread.run(Thread.java:748)
... Removed 24 stack frames</div></td></tr></table><p class="totop"><a href="#summary">back to summary</a></p>
<h3 id="m3">Acacemy.DivisionTests#DivideZeroAndOne</h3><table class="result"><tr><th>Exception</th></tr><tr><td><div class="stacktrace">java.lang.AssertionError: expected [0] but found [1.0E-10]
	at Acacemy.DivisionTests.DivideZeroAndOne(DivisionTests.java:54)
	at java.util.ArrayList.forEach(ArrayList.java:1257)
	at java.util.concurrent.FutureTask.run(FutureTask.java:266)
	at java.util.concurrent.ThreadPoolExecutor.runWorker(ThreadPoolExecutor.java:1149)
	at java.util.concurrent.ThreadPoolExecutor$Worker.run(ThreadPoolExecutor.java:624)
	at java.lang.Thread.run(Thread.java:748)
... Removed 24 stack frames</div></td></tr></table><p class="totop"><a href="#summary">back to summary</a></p>
<h3 id="m4">Acacemy.DivisionTests#DivideMorethanTwoNumbers</h3><table class="result"><tr><th class="invisible"/></tr></table><p class="totop"><a href="#summary">back to summary</a></p>
<h3 id="m5">Acacemy.DivisionTests#DivideOneAndZero</h3><table class="result"><tr><th class="invisible"/></tr></table><p class="totop"><a href="#summary">back to summary</a></p>
<h3 id="m6">Acacemy.DivisionTests#DivideZeroAndZero</h3><table class="result"><tr><th class="invisible"/></tr></table><p class="totop"><a href="#summary">back to summary</a></p>
<h2>Subtraction</h2><h3 id="m7">Acacemy.SubtractionTest#SubtractAscendRangeAndDescendRange</h3><table class="result"><tr><th>Exception</th></tr><tr><td><div class="stacktrace">java.lang.AssertionError: expected [-55545] but found [190235.0000000001]
	at Acacemy.SubtractionTest.SubtractAscendRangeAndDescendRange(SubtractionTest.java:33)
	at java.util.ArrayList.forEach(ArrayList.java:1257)
	at java.util.concurrent.FutureTask.run(FutureTask.java:266)
	at java.util.concurrent.ThreadPoolExecutor.runWorker(ThreadPoolExecutor.java:1149)
	at java.util.concurrent.ThreadPoolExecutor$Worker.run(ThreadPoolExecutor.java:624)
	at java.lang.Thread.run(Thread.java:748)
... Removed 24 stack frames</div></td></tr></table><p class="totop"><a href="#summary">back to summary</a></p>
<h3 id="m8">Acacemy.SubtractionTest#SubtractBracketsFiveAndTwo</h3><table class="result"><tr><th>Exception</th></tr><tr><td><div class="stacktrace">java.lang.AssertionError: expected [-7] but found [13.5000000001]
	at Acacemy.SubtractionTest.SubtractBracketsFiveAndTwo(SubtractionTest.java:67)
	at java.util.ArrayList.forEach(ArrayList.java:1257)
	at java.util.concurrent.FutureTask.run(FutureTask.java:266)
	at java.util.concurrent.ThreadPoolExecutor.runWorker(ThreadPoolExecutor.java:1149)
	at java.util.concurrent.ThreadPoolExecutor$Worker.run(ThreadPoolExecutor.java:624)
	at java.lang.Thread.run(Thread.java:748)
... Removed 24 stack frames</div></td></tr></table><p class="totop"><a href="#summary">back to summary</a></p>
<h3 id="m9">Acacemy.SubtractionTest#SubtractDecimalTwoPointTwoMinusOne</h3><table class="result"><tr><th>Exception</th></tr><tr><td><div class="stacktrace">java.lang.AssertionError: expected [3.2] but found [23.220000000099997]
	at Acacemy.SubtractionTest.SubtractDecimalTwoPointTwoMinusOne(SubtractionTest.java:73)
	at java.util.ArrayList.forEach(ArrayList.java:1257)
	at java.util.concurrent.FutureTask.run(FutureTask.java:266)
	at java.util.concurrent.ThreadPoolExecutor.runWorker(ThreadPoolExecutor.java:1149)
	at java.util.concurrent.ThreadPoolExecutor$Worker.run(ThreadPoolExecutor.java:624)
	at java.lang.Thread.run(Thread.java:748)
... Removed 24 stack frames</div></td></tr></table><p class="totop"><a href="#summary">back to summary</a></p>
<h3 id="m10">Acacemy.SubtractionTest#SubtractMorethanTwoNumbers</h3><table class="result"><tr><th>Exception</th></tr><tr><td><div class="stacktrace">java.lang.AssertionError: expected [3] but found [62.5000000001]
	at Acacemy.SubtractionTest.SubtractMorethanTwoNumbers(SubtractionTest.java:80)
	at java.util.ArrayList.forEach(ArrayList.java:1257)
	at java.util.concurrent.FutureTask.run(FutureTask.java:266)
	at java.util.concurrent.ThreadPoolExecutor.runWorker(ThreadPoolExecutor.java:1149)
	at java.util.concurrent.ThreadPoolExecutor$Worker.run(ThreadPoolExecutor.java:624)
	at java.lang.Thread.run(Thread.java:748)
... Removed 24 stack frames</div></td></tr></table><p class="totop"><a href="#summary">back to summary</a></p>
<h3 id="m11">Acacemy.SubtractionTest#SubtractOneAndZero</h3><table class="result"><tr><th>Exception</th></tr><tr><td><div class="stacktrace">java.lang.AssertionError: expected [-6] but found [8.0000000001]
	at Acacemy.SubtractionTest.SubtractOneAndZero(SubtractionTest.java:61)
	at java.util.ArrayList.forEach(ArrayList.java:1257)
	at java.util.concurrent.FutureTask.run(FutureTask.java:266)
	at java.util.concurrent.ThreadPoolExecutor.runWorker(ThreadPoolExecutor.java:1149)
	at java.util.concurrent.ThreadPoolExecutor$Worker.run(ThreadPoolExecutor.java:624)
	at java.lang.Thread.run(Thread.java:748)
... Removed 24 stack frames</div></td></tr></table><p class="totop"><a href="#summary">back to summary</a></p>
<h3 id="m12">Acacemy.SubtractionTest#SubtractZeroAndOne</h3><table class="result"><tr><th>Exception</th></tr><tr><td><div class="stacktrace">java.lang.AssertionError: expected [2] but found [4.0000000001]
	at Acacemy.SubtractionTest.SubtractZeroAndOne(SubtractionTest.java:51)
	at java.util.ArrayList.forEach(ArrayList.java:1257)
	at java.util.concurrent.FutureTask.run(FutureTask.java:266)
	at java.util.concurrent.ThreadPoolExecutor.runWorker(ThreadPoolExecutor.java:1149)
	at java.util.concurrent.ThreadPoolExecutor$Worker.run(ThreadPoolExecutor.java:624)
	at java.lang.Thread.run(Thread.java:748)
... Removed 24 stack frames</div></td></tr></table><p class="totop"><a href="#summary">back to summary</a></p>
<h3 id="m13">Acacemy.SubtractionTest#SubtractZeroAndZero</h3><table class="result"><tr><th>Exception</th></tr><tr><td><div class="stacktrace">java.lang.AssertionError: expected [0] but found [2.0000000001]
	at Acacemy.SubtractionTest.SubtractZeroAndZero(SubtractionTest.java:40)
	at java.util.ArrayList.forEach(ArrayList.java:1257)
	at java.util.concurrent.FutureTask.run(FutureTask.java:266)
	at java.util.concurrent.ThreadPoolExecutor.runWorker(ThreadPoolExecutor.java:1149)
	at java.util.concurrent.ThreadPoolExecutor$Worker.run(ThreadPoolExecutor.java:624)
	at java.lang.Thread.run(Thread.java:748)
... Removed 24 stack frames</div></td></tr></table><p class="totop"><a href="#summary">back to summary</a></p>
<h2>Multiplication</h2><h3 id="m14">Acacemy.multiplicationTests#MultiplyAscendRangeAndDescendRange</h3><table class="result"><tr><th>Exception</th></tr><tr><td><div class="stacktrace">java.lang.AssertionError: expected [38102050.0] but found [8.37389205E9]
	at Acacemy.multiplicationTests.MultiplyAscendRangeAndDescendRange(multiplicationTests.java:28)
	at java.util.ArrayList.forEach(ArrayList.java:1257)
	at java.util.concurrent.FutureTask.run(FutureTask.java:266)
	at java.util.concurrent.ThreadPoolExecutor.runWorker(ThreadPoolExecutor.java:1149)
	at java.util.concurrent.ThreadPoolExecutor$Worker.run(ThreadPoolExecutor.java:624)
	at java.lang.Thread.run(Thread.java:748)
... Removed 24 stack frames</div></td></tr></table><p class="totop"><a href="#summary">back to summary</a></p>
<h3 id="m15">Acacemy.multiplicationTests#MultiplyDecimalTwoPointTwoMinusOne</h3><table class="result"><tr><th>Exception</th></tr><tr><td><div class="stacktrace">java.lang.AssertionError: expected [11.25] but found [11.2500000001]
	at Acacemy.multiplicationTests.MultiplyDecimalTwoPointTwoMinusOne(multiplicationTests.java:87)
	at java.util.ArrayList.forEach(ArrayList.java:1257)
	at java.util.concurrent.FutureTask.run(FutureTask.java:266)
	at java.util.concurrent.ThreadPoolExecutor.runWorker(ThreadPoolExecutor.java:1149)
	at java.util.concurrent.ThreadPoolExecutor$Worker.run(ThreadPoolExecutor.java:624)
	at java.lang.Thread.run(Thread.java:748)
... Removed 24 stack frames</div></td></tr></table><p class="totop"><a href="#summary">back to summary</a></p>
<h3 id="m16">Acacemy.multiplicationTests#MultiplyMorethanTwoBigNumbers</h3><table class="result"><tr><th>Exception</th></tr><tr><td><div class="stacktrace">java.lang.AssertionError: expected [6.789199772124E12] but found [6.7892332847724E13]
	at Acacemy.multiplicationTests.MultiplyMorethanTwoBigNumbers(multiplicationTests.java:47)
	at java.util.ArrayList.forEach(ArrayList.java:1257)
	at java.util.concurrent.FutureTask.run(FutureTask.java:266)
	at java.util.concurrent.ThreadPoolExecutor.runWorker(ThreadPoolExecutor.java:1149)
	at java.util.concurrent.ThreadPoolExecutor$Worker.run(ThreadPoolExecutor.java:624)
	at java.lang.Thread.run(Thread.java:748)
... Removed 24 stack frames</div></td></tr></table><p class="totop"><a href="#summary">back to summary</a></p>
<h3 id="m17">Acacemy.multiplicationTests#MultiplyMorethanTwoNumbers</h3><table class="result"><tr><th>Exception</th></tr><tr><td><div class="stacktrace">java.lang.AssertionError: expected [216.0] but found [2376.0000000001]
	at Acacemy.multiplicationTests.MultiplyMorethanTwoNumbers(multiplicationTests.java:41)
	at java.util.ArrayList.forEach(ArrayList.java:1257)
	at java.util.concurrent.FutureTask.run(FutureTask.java:266)
	at java.util.concurrent.ThreadPoolExecutor.runWorker(ThreadPoolExecutor.java:1149)
	at java.util.concurrent.ThreadPoolExecutor$Worker.run(ThreadPoolExecutor.java:624)
	at java.lang.Thread.run(Thread.java:748)
... Removed 24 stack frames</div></td></tr></table><p class="totop"><a href="#summary">back to summary</a></p>
<h3 id="m18">Acacemy.multiplicationTests#MultiplyNegativeandPostiveNumbers</h3><table class="result"><tr><th>Exception</th></tr><tr><td><div class="stacktrace">java.lang.AssertionError: expected [-35.0] but found [35.0000000001]
	at Acacemy.multiplicationTests.MultiplyNegativeandPostiveNumbers(multiplicationTests.java:81)
	at java.util.ArrayList.forEach(ArrayList.java:1257)
	at java.util.concurrent.FutureTask.run(FutureTask.java:266)
	at java.util.concurrent.ThreadPoolExecutor.runWorker(ThreadPoolExecutor.java:1149)
	at java.util.concurrent.ThreadPoolExecutor$Worker.run(ThreadPoolExecutor.java:624)
	at java.lang.Thread.run(Thread.java:748)
... Removed 24 stack frames</div></td></tr></table><p class="totop"><a href="#summary">back to summary</a></p>
<h3 id="m19">Acacemy.multiplicationTests#MultiplyOneAndZero</h3><table class="result"><tr><th>Exception</th></tr><tr><td><div class="stacktrace">java.lang.AssertionError: expected [0] but found [1.0E-10]
	at Acacemy.multiplicationTests.MultiplyOneAndZero(multiplicationTests.java:75)
	at java.util.ArrayList.forEach(ArrayList.java:1257)
	at java.util.concurrent.FutureTask.run(FutureTask.java:266)
	at java.util.concurrent.ThreadPoolExecutor.runWorker(ThreadPoolExecutor.java:1149)
	at java.util.concurrent.ThreadPoolExecutor$Worker.run(ThreadPoolExecutor.java:624)
	at java.lang.Thread.run(Thread.java:748)
... Removed 24 stack frames</div></td></tr></table><p class="totop"><a href="#summary">back to summary</a></p>
<h3 id="m20">Acacemy.multiplicationTests#MultiplyZeroAndOne</h3><table class="result"><tr><th>Exception</th></tr><tr><td><div class="stacktrace">java.lang.AssertionError: expected [0] but found [1.0E-10]
	at Acacemy.multiplicationTests.MultiplyZeroAndOne(multiplicationTests.java:65)
	at java.util.ArrayList.forEach(ArrayList.java:1257)
	at java.util.concurrent.FutureTask.run(FutureTask.java:266)
	at java.util.concurrent.ThreadPoolExecutor.runWorker(ThreadPoolExecutor.java:1149)
	at java.util.concurrent.ThreadPoolExecutor$Worker.run(ThreadPoolExecutor.java:624)
	at java.lang.Thread.run(Thread.java:748)
... Removed 24 stack frames</div></td></tr></table><p class="totop"><a href="#summary">back to summary</a></p>
<h3 id="m21">Acacemy.multiplicationTests#MultiplyZeroAndZero</h3><table class="result"><tr><th>Exception</th></tr><tr><td><div class="stacktrace">java.lang.AssertionError: expected [0] but found [1.0E-10]
	at Acacemy.multiplicationTests.MultiplyZeroAndZero(multiplicationTests.java:54)
	at java.util.ArrayList.forEach(ArrayList.java:1257)
	at java.util.concurrent.FutureTask.run(FutureTask.java:266)
	at java.util.concurrent.ThreadPoolExecutor.runWorker(ThreadPoolExecutor.java:1149)
	at java.util.concurrent.ThreadPoolExecutor$Worker.run(ThreadPoolExecutor.java:624)
	at java.lang.Thread.run(Thread.java:748)
... Removed 24 stack frames</div></td></tr></table><p class="totop"><a href="#summary">back to summary</a></p>
<h3 id="m22">Acacemy.multiplicationTests#MultiplytwoNumbersBig</h3><table class="result"><tr><th>Exception</th></tr><tr><td><div class="stacktrace">java.lang.AssertionError: expected [2.764000751148E12] but found [2.7463800107551217E18]
	at Acacemy.multiplicationTests.MultiplytwoNumbersBig(multiplicationTests.java:34)
	at java.util.ArrayList.forEach(ArrayList.java:1257)
	at java.util.concurrent.FutureTask.run(FutureTask.java:266)
	at java.util.concurrent.ThreadPoolExecutor.runWorker(ThreadPoolExecutor.java:1149)
	at java.util.concurrent.ThreadPoolExecutor$Worker.run(ThreadPoolExecutor.java:624)
	at java.lang.Thread.run(Thread.java:748)
... Removed 24 stack frames</div></td></tr></table><p class="totop"><a href="#summary">back to summary</a></p>
<h2>Addition</h2><h3 id="m23">Acacemy.additionTest#AddAscendRangeAndDescendRange</h3><table class="result"><tr><th>Exception</th></tr><tr><td><div class="stacktrace">java.lang.AssertionError: expected [80235.0] but found [95117.5000000001]
	at Acacemy.additionTest.AddAscendRangeAndDescendRange(additionTest.java:29)
	at java.util.ArrayList.forEach(ArrayList.java:1257)
	at java.util.concurrent.FutureTask.run(FutureTask.java:266)
	at java.util.concurrent.ThreadPoolExecutor.runWorker(ThreadPoolExecutor.java:1149)
	at java.util.concurrent.ThreadPoolExecutor$Worker.run(ThreadPoolExecutor.java:624)
	at java.lang.Thread.run(Thread.java:748)
... Removed 24 stack frames</div></td></tr></table><p class="totop"><a href="#summary">back to summary</a></p>
<h3 id="m24">Acacemy.additionTest#AddBigNumberandOne</h3><table class="result"><tr><th>Exception</th></tr><tr><td><div class="stacktrace">java.lang.AssertionError: expected [8989899.0] but found [95117.5000000002]
	at Acacemy.additionTest.AddBigNumberandOne(additionTest.java:46)
	at java.util.ArrayList.forEach(ArrayList.java:1257)
	at java.util.concurrent.FutureTask.run(FutureTask.java:266)
	at java.util.concurrent.ThreadPoolExecutor.runWorker(ThreadPoolExecutor.java:1149)
	at java.util.concurrent.ThreadPoolExecutor$Worker.run(ThreadPoolExecutor.java:624)
	at java.lang.Thread.run(Thread.java:748)
... Removed 24 stack frames</div></td></tr></table><p class="totop"><a href="#summary">back to summary</a></p>
<h3 id="m25">Acacemy.additionTest#AddDecimalNumbers</h3><table class="result"><tr><th>Exception</th></tr><tr><td><div class="stacktrace">java.lang.AssertionError: expected [5.34] but found [25.351000000099997]
	at Acacemy.additionTest.AddDecimalNumbers(additionTest.java:104)
	at java.util.ArrayList.forEach(ArrayList.java:1257)
	at java.util.concurrent.FutureTask.run(FutureTask.java:266)
	at java.util.concurrent.ThreadPoolExecutor.runWorker(ThreadPoolExecutor.java:1149)
	at java.util.concurrent.ThreadPoolExecutor$Worker.run(ThreadPoolExecutor.java:624)
	at java.lang.Thread.run(Thread.java:748)
... Removed 24 stack frames</div></td></tr></table><p class="totop"><a href="#summary">back to summary</a></p>
<h3 id="m26">Acacemy.additionTest#AddMorethanTwoNumbers</h3><table class="result"><tr><th>Exception</th></tr><tr><td><div class="stacktrace">java.lang.AssertionError: expected [21.0] but found [131.0000000001]
	at Acacemy.additionTest.AddMorethanTwoNumbers(additionTest.java:83)
	at java.util.ArrayList.forEach(ArrayList.java:1257)
	at java.util.concurrent.FutureTask.run(FutureTask.java:266)
	at java.util.concurrent.ThreadPoolExecutor.runWorker(ThreadPoolExecutor.java:1149)
	at java.util.concurrent.ThreadPoolExecutor$Worker.run(ThreadPoolExecutor.java:624)
	at java.lang.Thread.run(Thread.java:748)
... Removed 24 stack frames</div></td></tr></table><p class="totop"><a href="#summary">back to summary</a></p>
<h3 id="m27">Acacemy.additionTest#AddNegativeandPositiveNumbers</h3><table class="result"><tr><th>Exception</th></tr><tr><td><div class="stacktrace">java.lang.AssertionError: expected [-7.0] but found [31.0000000001]
	at Acacemy.additionTest.AddNegativeandPositiveNumbers(additionTest.java:97)
	at java.util.ArrayList.forEach(ArrayList.java:1257)
	at java.util.concurrent.FutureTask.run(FutureTask.java:266)
	at java.util.concurrent.ThreadPoolExecutor.runWorker(ThreadPoolExecutor.java:1149)
	at java.util.concurrent.ThreadPoolExecutor$Worker.run(ThreadPoolExecutor.java:624)
	at java.lang.Thread.run(Thread.java:748)
... Removed 24 stack frames</div></td></tr></table><p class="totop"><a href="#summary">back to summary</a></p>
<h3 id="m28">Acacemy.additionTest#AddNmmbersgivesSevenDigitResult</h3><table class="result"><tr><th>Exception</th></tr><tr><td><div class="stacktrace">java.lang.AssertionError: expected [5555555.0] but found [1.27727727725E10]
	at Acacemy.additionTest.AddNmmbersgivesSevenDigitResult(additionTest.java:39)
	at java.util.ArrayList.forEach(ArrayList.java:1257)
	at java.util.concurrent.FutureTask.run(FutureTask.java:266)
	at java.util.concurrent.ThreadPoolExecutor.runWorker(ThreadPoolExecutor.java:1149)
	at java.util.concurrent.ThreadPoolExecutor$Worker.run(ThreadPoolExecutor.java:624)
	at java.lang.Thread.run(Thread.java:748)
... Removed 24 stack frames</div></td></tr></table><p class="totop"><a href="#summary">back to summary</a></p>
<h3 id="m29">Acacemy.additionTest#AddTwoBigNumbers</h3><table class="result"><tr><th>Exception</th></tr><tr><td><div class="stacktrace">java.lang.AssertionError: expected [9.34934934E8] but found [6.23168592534E11]
	at Acacemy.additionTest.AddTwoBigNumbers(additionTest.java:52)
	at java.util.ArrayList.forEach(ArrayList.java:1257)
	at java.util.concurrent.FutureTask.run(FutureTask.java:266)
	at java.util.concurrent.ThreadPoolExecutor.runWorker(ThreadPoolExecutor.java:1149)
	at java.util.concurrent.ThreadPoolExecutor$Worker.run(ThreadPoolExecutor.java:624)
	at java.lang.Thread.run(Thread.java:748)
... Removed 24 stack frames</div></td></tr></table><p class="totop"><a href="#summary">back to summary</a></p>
<h3 id="m30">Acacemy.additionTest#AddTwoSingleDigits</h3><table class="result"><tr><th>Exception</th></tr><tr><td><div class="stacktrace">java.lang.AssertionError: expected [8.0] but found [8.0000000001]
	at Acacemy.additionTest.AddTwoSingleDigits(additionTest.java:90)
	at java.util.ArrayList.forEach(ArrayList.java:1257)
	at java.util.concurrent.FutureTask.run(FutureTask.java:266)
	at java.util.concurrent.ThreadPoolExecutor.runWorker(ThreadPoolExecutor.java:1149)
	at java.util.concurrent.ThreadPoolExecutor$Worker.run(ThreadPoolExecutor.java:624)
	at java.lang.Thread.run(Thread.java:748)
... Removed 24 stack frames</div></td></tr></table><p class="totop"><a href="#summary">back to summary</a></p>
<h3 id="m31">Acacemy.additionTest#AddZeroAndOne</h3><table class="result"><tr><th>Exception</th></tr><tr><td><div class="stacktrace">java.lang.AssertionError: expected [1.0] but found [1.0000000001]
	at Acacemy.additionTest.AddZeroAndOne(additionTest.java:72)
	at java.util.ArrayList.forEach(ArrayList.java:1257)
	at java.util.concurrent.FutureTask.run(FutureTask.java:266)
	at java.util.concurrent.ThreadPoolExecutor.runWorker(ThreadPoolExecutor.java:1149)
	at java.util.concurrent.ThreadPoolExecutor$Worker.run(ThreadPoolExecutor.java:624)
	at java.lang.Thread.run(Thread.java:748)
... Removed 24 stack frames</div></td></tr></table><p class="totop"><a href="#summary">back to summary</a></p>
<h3 id="m32">Acacemy.additionTest#AddZeroAndZero</h3><table class="result"><tr><th>Exception</th></tr><tr><td><div class="stacktrace">java.lang.AssertionError: expected [0] but found [1.0E-10]
	at Acacemy.additionTest.AddZeroAndZero(additionTest.java:60)
	at java.util.ArrayList.forEach(ArrayList.java:1257)
	at java.util.concurrent.FutureTask.run(FutureTask.java:266)
	at java.util.concurrent.ThreadPoolExecutor.runWorker(ThreadPoolExecutor.java:1149)
	at java.util.concurrent.ThreadPoolExecutor$Worker.run(ThreadPoolExecutor.java:624)
	at java.lang.Thread.run(Thread.java:748)
... Removed 24 stack frames</div></td></tr></table><p class="totop"><a href="#summary">back to summary</a></p>
<h2>Verifying Elements</h2><h3 id="m33">Acacemy.VerifyingElementsareClickable#number7</h3><table class="result"><tr><th>Exception</th></tr><tr><td><div class="stacktrace">java.lang.AssertionError: PASSED expected [7] but found [77]
	at Acacemy.VerifyingElementsareClickable.number7(VerifyingElementsareClickable.java:133)
	at java.util.ArrayList.forEach(ArrayList.java:1257)
	at java.util.concurrent.FutureTask.run(FutureTask.java:266)
	at java.util.concurrent.ThreadPoolExecutor.runWorker(ThreadPoolExecutor.java:1149)
	at java.util.concurrent.ThreadPoolExecutor$Worker.run(ThreadPoolExecutor.java:624)
	at java.lang.Thread.run(Thread.java:748)
... Removed 23 stack frames</div></td></tr></table><p class="totop"><a href="#summary">back to summary</a></p>
<h3 id="m34">Acacemy.VerifyingElementsareClickable#clear</h3><table class="result"><tr><th class="invisible"/></tr></table><p class="totop"><a href="#summary">back to summary</a></p>
<h3 id="m35">Acacemy.VerifyingElementsareClickable#divide</h3><table class="result"><tr><th class="invisible"/></tr></table><p class="totop"><a href="#summary">back to summary</a></p>
<h3 id="m36">Acacemy.VerifyingElementsareClickable#minus</h3><table class="result"><tr><th class="invisible"/></tr></table><p class="totop"><a href="#summary">back to summary</a></p>
<h3 id="m37">Acacemy.VerifyingElementsareClickable#multiply</h3><table class="result"><tr><th class="invisible"/></tr></table><p class="totop"><a href="#summary">back to summary</a></p>
<h3 id="m38">Acacemy.VerifyingElementsareClickable#number0</h3><table class="result"><tr><th class="invisible"/></tr></table><p class="totop"><a href="#summary">back to summary</a></p>
<h3 id="m39">Acacemy.VerifyingElementsareClickable#number1</h3><table class="result"><tr><th class="invisible"/></tr></table><p class="totop"><a href="#summary">back to summary</a></p>
<h3 id="m40">Acacemy.VerifyingElementsareClickable#number2</h3><table class="result"><tr><th class="invisible"/></tr></table><p class="totop"><a href="#summary">back to summary</a></p>
<h3 id="m41">Acacemy.VerifyingElementsareClickable#number3</h3><table class="result"><tr><th class="invisible"/></tr></table><p class="totop"><a href="#summary">back to summary</a></p>
<h3 id="m42">Acacemy.VerifyingElementsareClickable#number4</h3><table class="result"><tr><th class="invisible"/></tr></table><p class="totop"><a href="#summary">back to summary</a></p>
<h3 id="m43">Acacemy.VerifyingElementsareClickable#number5</h3><table class="result"><tr><th class="invisible"/></tr></table><p class="totop"><a href="#summary">back to summary</a></p>
<h3 id="m44">Acacemy.VerifyingElementsareClickable#number6</h3><table class="result"><tr><th class="invisible"/></tr></table><p class="totop"><a href="#summary">back to summary</a></p>
<h3 id="m45">Acacemy.VerifyingElementsareClickable#number8</h3><table class="result"><tr><th class="invisible"/></tr></table><p class="totop"><a href="#summary">back to summary</a></p>
<h3 id="m46">Acacemy.VerifyingElementsareClickable#number9</h3><table class="result"><tr><th class="invisible"/></tr></table><p class="totop"><a href="#summary">back to summary</a></p>
<h3 id="m47">Acacemy.VerifyingElementsareClickable#plus</h3><table class="result"><tr><th class="invisible"/></tr></table><p class="totop"><a href="#summary">back to summary</a></p>
</body>
</html>
